<?xml version="1.0" encoding="UTF-8"?>
<beans xmlns:xsi="http://www.w3.org/2001/XMLSchema-instance"
       xmlns="http://www.springframework.org/schema/beans"
       xsi:schemaLocation="http://www.springframework.org/schema/beans
       http://www.springframework.org/schema/beans/spring-beans.xsd">

    <bean id="namedParameterJdbcTemplate" class="org.springframework.jdbc.core.namedparam.NamedParameterJdbcTemplate">
        <constructor-arg name="dataSource" ref="dataSource"/>
    </bean>

    <bean id="carDao" class="com.epam.brest.courses.rc.dao.CarDaoImpl">
        <constructor-arg ref="namedParameterJdbcTemplate"/>
    </bean>

    <bean id="clientDao" class="com.epam.brest.courses.rc.dao.ClientDaoImpl">
        <constructor-arg ref="namedParameterJdbcTemplate"/>
    </bean>

    <bean id="rentalOrderDao" class="com.epam.brest.courses.rc.dao.RentalOrderDaoImpl">
        <constructor-arg ref="namedParameterJdbcTemplate"/>
    </bean>

</beans>